<?xml version="1.0" encoding="UTF-8"?>
<!-- Generated by org.testng.reporters.JUnitXMLReporter -->
<testsuite hostname="SURYAKANTAs-MacBook-Pro.local" ignored="0" name="TestHomePage" tests="3" failures="0" timestamp="09 Apr 2018 07:42:12 GMT" time="102.754" errors="0">
  <testcase name="verifyFrontPageUIElements" time="1.002" classname="com.test.arvato.ArvatoUIAutomation.homePageTest.TC01_VerifyFrontPage"/>
  <testcase name="verifyMoreInfoLinks" time="6.046" classname="com.test.arvato.ArvatoUIAutomation.homePageTest.TC01_VerifyFrontPage"/>
  <testcase name="verifyFrontPageLinks" time="82.529" classname="com.test.arvato.ArvatoUIAutomation.homePageTest.TC01_VerifyFrontPage"/>
</testsuite> <!-- TestHomePage -->
