<?xml version="1.0" encoding="UTF-8"?>
<!-- Generated by org.testng.reporters.JUnitXMLReporter -->
<testsuite hostname="SURYAKANTAs-MacBook-Pro.local" ignored="0" name="Test" tests="4" failures="2" timestamp="08 Apr 2018 05:57:08 GMT" time="23.265" errors="0">
  <testcase name="verifyTitle" time="0.101" classname="com.test.arvato.ArvatoUIAutomation.homePage.TC01_VerifyPage"/>
  <testcase name="verifyTitle1" time="0.009" classname="com.test.arvato.ArvatoUIAutomation.homePage.TC01_VerifyPage">
    <failure type="java.lang.AssertionError" message="expected [Arvato Services Estoni] but found [Arvato Services Estonia]">
      <![CDATA[java.lang.AssertionError: expected [Arvato Services Estoni] but found [Arvato Services Estonia]
	at com.test.arvato.ArvatoUIAutomation.pages.HomePage.verifyLogo1(HomePage.java:32)
	at com.test.arvato.ArvatoUIAutomation.homePage.TC01_VerifyPage.verifyTitle1(TC01_VerifyPage.java:40)
... Removed 31 stack frames]]>
    </failure>
  </testcase> <!-- verifyTitle1 -->
  <testcase name="verifyTitle2" time="0.045" classname="com.test.arvato.ArvatoUIAutomation.homePage.TC02_VerifyPage"/>
  <testcase name="verifyTitle3" time="0.011" classname="com.test.arvato.ArvatoUIAutomation.homePage.TC02_VerifyPage">
    <failure type="java.lang.AssertionError" message="expected [Arvato Services Estoni] but found [Arvato Services Estonia]">
      <![CDATA[java.lang.AssertionError: expected [Arvato Services Estoni] but found [Arvato Services Estonia]
	at com.test.arvato.ArvatoUIAutomation.pages.HomePage.verifyLogo1(HomePage.java:32)
	at com.test.arvato.ArvatoUIAutomation.homePage.TC02_VerifyPage.verifyTitle3(TC02_VerifyPage.java:40)
... Removed 31 stack frames]]>
    </failure>
  </testcase> <!-- verifyTitle3 -->
</testsuite> <!-- Test -->
