<?xml version="1.0" encoding="UTF-8"?>
<!-- Generated by org.testng.reporters.JUnitXMLReporter -->
<testsuite hostname="SURYAKANTAs-MacBook-Pro.local" ignored="0" name="TestContactPage" tests="4" failures="0" timestamp="09 Apr 2018 07:42:39 GMT" time="27.188" errors="0">
  <testcase name="verifyUIElements" time="9.371" classname="com.test.arvato.ArvatoUIAutomation.ContactsPageTests.TC06_VerifyContactPage"/>
  <testcase name="validateFields" time="1.687" classname="com.test.arvato.ArvatoUIAutomation.ContactsPageTests.TC06_VerifyContactPage"/>
  <testcase name="validateFields" time="1.314" classname="com.test.arvato.ArvatoUIAutomation.ContactsPageTests.TC06_VerifyContactPage"/>
  <testcase name="validateFields" time="1.532" classname="com.test.arvato.ArvatoUIAutomation.ContactsPageTests.TC06_VerifyContactPage"/>
</testsuite> <!-- TestContactPage -->
