<?xml version="1.0" encoding="UTF-8"?>
<!-- Generated by org.testng.reporters.JUnitXMLReporter -->
<testsuite hostname="SURYAKANTAs-MacBook-Pro.local" ignored="0" name="TestCRMCustServicePage" tests="2" failures="0" timestamp="09 Apr 2018 07:40:46 GMT" time="24.65" errors="0">
  <testcase name="verifyCRMCustServicePageUIElements" time="2.772" classname="com.test.arvato.ArvatoUIAutomation.CRMCustServiceTest.TC02_VerifyCRMCustomerService"/>
  <testcase name="verifyLinkToCRMOpenPosition" time="7.028" classname="com.test.arvato.ArvatoUIAutomation.CRMCustServiceTest.TC02_VerifyCRMCustomerService"/>
</testsuite> <!-- TestCRMCustServicePage -->
