<?xml version="1.0" encoding="UTF-8"?>
<!-- Generated by org.testng.reporters.JUnitXMLReporter -->
<testsuite hostname="SURYAKANTAs-MacBook-Pro.local" ignored="0" name="Test2" tests="2" failures="1" timestamp="08 Apr 2018 06:47:49 GMT" time="14.496" errors="0">
  <testcase name="verifyTitle2" time="0.067" classname="com.test.arvato.ArvatoUIAutomation.homePage.TC02_VerifyPage"/>
  <testcase name="verifyTitle3" time="0.01" classname="com.test.arvato.ArvatoUIAutomation.homePage.TC02_VerifyPage">
    <failure type="java.lang.AssertionError" message="expected [Arvato Services Estoni] but found [Arvato Services Estonia]">
      <![CDATA[java.lang.AssertionError: expected [Arvato Services Estoni] but found [Arvato Services Estonia]
	at com.test.arvato.ArvatoUIAutomation.pages.HomePage.verifyLogo1(HomePage.java:32)
	at com.test.arvato.ArvatoUIAutomation.homePage.TC02_VerifyPage.verifyTitle3(TC02_VerifyPage.java:40)
... Removed 31 stack frames]]>
    </failure>
  </testcase> <!-- verifyTitle3 -->
</testsuite> <!-- Test2 -->
