<?xml version="1.0" encoding="UTF-8"?>
<!-- Generated by org.testng.reporters.JUnitXMLReporter -->
<testsuite hostname="SURYAKANTAs-MacBook-Pro.local" ignored="0" name="TestITOpenPositionPage" tests="2" failures="0" timestamp="09 Apr 2018 07:42:16 GMT" time="43.539" errors="0">
  <testcase name="verifyAllUIElements" time="3.062" classname="com.test.arvato.ArvatoUIAutomation.ITCenterPositionsTest.TC05_VerifyITCenterPositions"/>
  <testcase name="verifyAllPositionLinks" time="24.45" classname="com.test.arvato.ArvatoUIAutomation.ITCenterPositionsTest.TC05_VerifyITCenterPositions"/>
</testsuite> <!-- TestITOpenPositionPage -->
