<?xml version="1.0" encoding="UTF-8"?>
<!-- Generated by org.testng.reporters.JUnitXMLReporter -->
<testsuite hostname="SURYAKANTAs-MacBook-Pro.local" ignored="0" name="Test1" tests="3" failures="0" timestamp="08 Apr 2018 14:08:33 GMT" time="90.656" errors="0">
  <testcase name="verifyFrontPageUIElements" time="0.592" classname="com.test.arvato.ArvatoUIAutomation.homePage.TC01_VerifyFrontPage"/>
  <testcase name="verifyMoreInfoLinks" time="4.692" classname="com.test.arvato.ArvatoUIAutomation.homePage.TC01_VerifyFrontPage"/>
  <testcase name="verifyFrontPageLinks" time="75.044" classname="com.test.arvato.ArvatoUIAutomation.homePage.TC01_VerifyFrontPage"/>
</testsuite> <!-- Test1 -->
